#
# There is insufficient memory for the Java Runtime Environment to continue.
# Native memory allocation (mmap) failed to map 67108864 bytes for G1 virtual space
# Possible reasons:
#   The system is out of physical RAM or swap space
#   The process is running with CompressedOops enabled, and the Java Heap may be blocking the growth of the native heap
# Possible solutions:
#   Reduce memory load on the system
#   Increase physical memory or swap space
#   Check if swap backing store is full
#   Decrease Java heap size (-Xmx/-Xms)
#   Decrease number of Java threads
#   Decrease Java thread stack sizes (-Xss)
#   Set larger code cache with -XX:ReservedCodeCacheSize=
#   JVM is running with Unscaled Compressed Oops mode in which the Java heap is
#     placed in the first 4GB address space. The Java Heap base address is the
#     maximum limit for the native heap growth. Please use -XX:HeapBaseMinAddress
#     to set the Java Heap base and to place the Java Heap above 4GB virtual address.
# This output file may be truncated or incomplete.
#
#  Out of Memory Error (os_windows.cpp:3469), pid=39564, tid=1388
#
# JRE version:  (17.0.1+12) (build )
# Java VM: Java HotSpot(TM) 64-Bit Server VM (17.0.1+12-LTS-39, mixed mode, sharing, tiered, compressed oops, compressed class ptrs, g1 gc, windows-amd64)
# No core dump will be written. Minidumps are not enabled by default on client versions of Windows
#

---------------  S U M M A R Y ------------

Command Line: -Dfile.encoding=Cp1252 -XX:+ShowCodeDetailsInExceptionMessages design_capa.Design

Host: Intel(R) Core(TM) i3-7020U CPU @ 2.30GHz, 4 cores, 3G,  Windows 10 , 64 bit Build 19041 (10.0.19041.1806)
Time: Thu Jul 21 18:51:19 2022 Hora Padrão de Buenos Aires elapsed time: 0.063714 seconds (0d 0h 0m 0s)

---------------  T H R E A D  ---------------

Current thread (0x000001aefb9f96c0):  JavaThread "Unknown thread" [_thread_in_vm, id=1388, stack(0x0000003d98800000,0x0000003d98900000)]

Stack: [0x0000003d98800000,0x0000003d98900000]
Native frames: (J=compiled Java code, j=interpreted, Vv=VM code, C=native code)
V  [jvm.dll+0x66fa1a]
V  [jvm.dll+0x7ce5a4]
V  [jvm.dll+0x7cfd4e]
V  [jvm.dll+0x7d03b3]
V  [jvm.dll+0x242b05]
V  [jvm.dll+0x66ca39]
V  [jvm.dll+0x661502]
V  [jvm.dll+0x30081b]
V  [jvm.dll+0x307da6]
V  [jvm.dll+0x357a1e]
V  [jvm.dll+0x357c4f]
V  [jvm.dll+0x2d7ad8]
V  [jvm.dll+0x2d8a44]
V  [jvm.dll+0x7a01e1]
V  [jvm.dll+0x365791]
V  [jvm.dll+0x77f6cc]
V  [jvm.dll+0x3e812f]
V  [jvm.dll+0x3e9bd1]
C  [jli.dll+0x527b]
C  [ucrtbase.dll+0x21bb2]
C  [KERNEL32.DLL+0x17034]
C  [ntdll.dll+0x52651]


---------------  P R O C E S S  ---------------

Threads class SMR info:
_java_thread_list=0x00007ffd8f007818, length=0, elements={
}

Java Threads: ( => current thread )

Other Threads:
  0x000001aefba28050 GCTaskThread "GC Thread#0" [stack: 0x0000003d98900000,0x0000003d98a00000] [id=22936]
  0x000001aefba30cd0 ConcurrentGCThread "G1 Main Marker" [stack: 0x0000003d98a00000,0x0000003d98b00000] [id=36820]
  0x000001aefba316e0 ConcurrentGCThread "G1 Conc#0" [stack: 0x0000003d98b00000,0x0000003d98c00000] [id=39072]

[error occurred during error reporting (printing all threads), id 0xc0000005, EXCEPTION_ACCESS_VIOLATION (0xc0000005) at pc=0x00007ffd8e8584b7]

VM state: not at safepoint (not fully initialized)

VM Mutex/Monitor currently owned by a thread:  ([mutex/lock_event])
[0x000001aefb9f5f90] Heap_lock - owner thread: 0x000001aefb9f96c0

Heap address: 0x00000000c1600000, size: 1002 MB, Compressed Oops mode: 32-bit

CDS archive(s) mapped at: [0x0000000000000000-0x0000000000000000-0x0000000000000000), size 0, SharedBaseAddress: 0x0000000800000000, ArchiveRelocationMode: 0.
Narrow klass base: 0x0000000000000000, Narrow klass shift: 0, Narrow klass range: 0x0

GC Precious Log:
<Empty>

Heap:
 garbage-first heap   total 0K, used 0K [0x00000000c1600000, 0x0000000100000000)
  region size 1024K, 0 young (0K), 0 survivors (0K)

[error occurred during error reporting (printing heap information), id 0xc0000005, EXCEPTION_ACCESS_VIOLATION (0xc0000005) at pc=0x00007ffd8ec38d89]

GC Heap History (0 events):
No events

Deoptimization events (0 events):
No events

Classes unloaded (0 events):
No events

Classes redefined (0 events):
No events

Internal exceptions (0 events):
No events

VM Operations (0 events):
No events

Events (1 events):
Event: 0.035 Loaded shared library C:\Program Files\Java\jdk-17.0.1\bin\java.dll


Dynamic libraries:
0x00007ff6bd7e0000 - 0x00007ff6bd7f0000 	C:\Program Files\Java\jdk-17.0.1\bin\javaw.exe
0x00007ffdedad0000 - 0x00007ffdedcc8000 	C:\Windows\SYSTEM32\ntdll.dll
0x00007ffded9d0000 - 0x00007ffdeda8d000 	C:\Windows\System32\KERNEL32.DLL
0x00007ffdeb1f0000 - 0x00007ffdeb4be000 	C:\Windows\System32\KERNELBASE.dll
0x00007ffdeb7d0000 - 0x00007ffdeb8d0000 	C:\Windows\System32\ucrtbase.dll
0x00007ffdb0ac0000 - 0x00007ffdb0ad8000 	C:\Program Files\Java\jdk-17.0.1\bin\jli.dll
0x00007ffdecee0000 - 0x00007ffdecf8e000 	C:\Windows\System32\ADVAPI32.dll
0x00007ffded490000 - 0x00007ffded52e000 	C:\Windows\System32\msvcrt.dll
0x00007ffdecde0000 - 0x00007ffdece7c000 	C:\Windows\System32\sechost.dll
0x00007ffded530000 - 0x00007ffded655000 	C:\Windows\System32\RPCRT4.dll
0x00007ffdec4c0000 - 0x00007ffdec660000 	C:\Windows\System32\USER32.dll
0x00007ffdeb900000 - 0x00007ffdeb922000 	C:\Windows\System32\win32u.dll
0x00007ffdebd20000 - 0x00007ffdebd4a000 	C:\Windows\System32\GDI32.dll
0x00007ffdeb560000 - 0x00007ffdeb66b000 	C:\Windows\System32\gdi32full.dll
0x00007ffdeb4c0000 - 0x00007ffdeb55d000 	C:\Windows\System32\msvcp_win.dll
0x00007ffdd6400000 - 0x00007ffdd641a000 	C:\Program Files\Java\jdk-17.0.1\bin\VCRUNTIME140.dll
0x00007ffdce990000 - 0x00007ffdcec2a000 	C:\Windows\WinSxS\amd64_microsoft.windows.common-controls_6595b64144ccf1df_6.0.19041.1110_none_60b5254171f9507e\COMCTL32.dll
0x00007ffde1570000 - 0x00007ffde157a000 	C:\Windows\SYSTEM32\VERSION.dll
0x00007ffdecdb0000 - 0x00007ffdecde0000 	C:\Windows\System32\IMM32.DLL
0x00007ffddb860000 - 0x00007ffddb86c000 	C:\Program Files\Java\jdk-17.0.1\bin\vcruntime140_1.dll
0x00007ffdae670000 - 0x00007ffdae6fd000 	C:\Program Files\Java\jdk-17.0.1\bin\msvcp140.dll
0x00007ffd8e570000 - 0x00007ffd8f12e000 	C:\Program Files\Java\jdk-17.0.1\bin\server\jvm.dll
0x00007ffded660000 - 0x00007ffded668000 	C:\Windows\System32\PSAPI.DLL
0x00007ffddac10000 - 0x00007ffddac19000 	C:\Windows\SYSTEM32\WSOCK32.dll
0x00007ffdecc80000 - 0x00007ffdecceb000 	C:\Windows\System32\WS2_32.dll
0x00007ffdd0110000 - 0x00007ffdd0137000 	C:\Windows\SYSTEM32\WINMM.dll
0x00007ffde9a80000 - 0x00007ffde9a92000 	C:\Windows\SYSTEM32\kernel.appcore.dll
0x00007ffdd63f0000 - 0x00007ffdd63fa000 	C:\Program Files\Java\jdk-17.0.1\bin\jimage.dll
0x00007ffde8ff0000 - 0x00007ffde91d4000 	C:\Windows\SYSTEM32\DBGHELP.DLL
0x00007ffde0400000 - 0x00007ffde042c000 	C:\Windows\SYSTEM32\dbgcore.DLL
0x00007ffdebaa0000 - 0x00007ffdebb22000 	C:\Windows\System32\bcryptPrimitives.dll
0x00007ffdae640000 - 0x00007ffdae665000 	C:\Program Files\Java\jdk-17.0.1\bin\java.dll

dbghelp: loaded successfully - version: 4.0.5 - missing functions: none
symbol engine: initialized successfully - sym options: 0x614 - pdb path: .;C:\Program Files\Java\jdk-17.0.1\bin;C:\Windows\SYSTEM32;C:\Windows\WinSxS\amd64_microsoft.windows.common-controls_6595b64144ccf1df_6.0.19041.1110_none_60b5254171f9507e;C:\Program Files\Java\jdk-17.0.1\bin\server

VM Arguments:
jvm_args: -Dfile.encoding=Cp1252 -XX:+ShowCodeDetailsInExceptionMessages 
java_command: design_capa.Design
java_class_path (initial): D:\Java_Udemy\Exercicios\bin
Launcher Type: SUN_STANDARD

[Global flags]
     intx CICompilerCount                          = 3                                         {product} {ergonomic}
     uint ConcGCThreads                            = 1                                         {product} {ergonomic}
     uint G1ConcRefinementThreads                  = 4                                         {product} {ergonomic}
   size_t G1HeapRegionSize                         = 1048576                                   {product} {ergonomic}
    uintx GCDrainStackTargetSize                   = 64                                        {product} {ergonomic}
   size_t InitialHeapSize                          = 67108864                                  {product} {ergonomic}
   size_t MarkStackSize                            = 4194304                                   {product} {ergonomic}
   size_t MaxHeapSize                              = 1050673152                                {product} {ergonomic}
   size_t MinHeapDeltaBytes                        = 1048576                                   {product} {ergonomic}
   size_t MinHeapSize                              = 8388608                                   {product} {ergonomic}
    uintx NonNMethodCodeHeapSize                   = 5832780                                {pd product} {ergonomic}
    uintx NonProfiledCodeHeapSize                  = 122912730                              {pd product} {ergonomic}
    uintx ProfiledCodeHeapSize                     = 122912730                              {pd product} {ergonomic}
    uintx ReservedCodeCacheSize                    = 251658240                              {pd product} {ergonomic}
     bool SegmentedCodeCache                       = true                                      {product} {ergonomic}
     bool ShowCodeDetailsInExceptionMessages       = true                                   {manageable} {command line}
   size_t SoftMaxHeapSize                          = 1050673152                             {manageable} {ergonomic}
     bool UseCompressedClassPointers               = true                           {product lp64_product} {ergonomic}
     bool UseCompressedOops                        = true                           {product lp64_product} {ergonomic}
     bool UseG1GC                                  = true                                      {product} {ergonomic}
     bool UseLargePagesIndividualAllocation        = false                                  {pd product} {ergonomic}

Logging:
Log output configuration:
 #0: stdout all=warning uptime,level,tags
 #1: stderr all=off uptime,level,tags

Environment Variables:
PATH=C:\Program Files\Common Files\Oracle\Java\javapath;C:\Windows\system32;C:\Windows;C:\Windows\System32\Wbem;C:\Windows\System32\WindowsPowerShell\v1.0\;C:\Windows\System32\OpenSSH\;C:\Users\erikv\AppData\Local\Microsoft\WindowsApps;;C:\Users\erikv\AppData\Local\Programs\Microsoft VS Code\bin
USERNAME=erikv
OS=Windows_NT
PROCESSOR_IDENTIFIER=Intel64 Family 6 Model 142 Stepping 10, GenuineIntel



---------------  S Y S T E M  ---------------

OS:
 Windows 10 , 64 bit Build 19041 (10.0.19041.1806)
OS uptime: 6 days 6:56 hours

CPU: total 4 (initial active 4) (2 cores per cpu, 2 threads per core) family 6 model 142 stepping 10 microcode 0xb4, cx8, cmov, fxsr, ht, mmx, 3dnowpref, sse, sse2, sse3, ssse3, sse4.1, sse4.2, popcnt, lzcnt, tsc, tscinvbit, avx, avx2, aes, erms, clmul, bmi1, bmi2, adx, fma, vzeroupper, clflush, clflushopt

Memory: 4k page, system-wide physical 4007M (224M free)
TotalPageFile size 16295M (AvailPageFile size 36M)
current process WorkingSet (physical memory assigned to process): 9M, peak: 9M
current process commit charge ("private bytes"): 51M, peak: 115M

vm_info: Java HotSpot(TM) 64-Bit Server VM (17.0.1+12-LTS-39) for windows-amd64 JRE (17.0.1+12-LTS-39), built on Sep 27 2021 18:41:35 by "mach5one" with MS VC++ 16.8 (VS2019)

END.
